22:40:31.578 [main] INFO  testCases.TC_002_LoginTest - clicked on login link under myaccount
22:40:31.631 [main] INFO  testCases.TC_002_LoginTest - Entering valid email and password
22:40:32.209 [main] INFO  testCases.TC_002_LoginTest - clicked on login button
22:41:01.808 [main] INFO  testCases.TC_001_AccountRegistrationTest - starting Tc001 AccountRegistration Test *****
22:41:01.810 [main] DEBUG testCases.TC_001_AccountRegistrationTest - **** Application logs ****
22:41:02.022 [main] INFO  testCases.TC_001_AccountRegistrationTest - Clicked on My Account link
22:41:03.323 [main] INFO  testCases.TC_001_AccountRegistrationTest - Clicked on registration link
22:41:03.325 [main] INFO  testCases.TC_001_AccountRegistrationTest - Entering customer details
22:41:04.212 [main] INFO  testCases.TC_001_AccountRegistrationTest - clicked on continue 
22:41:04.214 [main] INFO  testCases.TC_001_AccountRegistrationTest - Validating expected message
22:41:14.256 [main] ERROR testCases.TC_001_AccountRegistrationTest - Test Failed
22:41:14.257 [main] DEBUG testCases.TC_001_AccountRegistrationTest - **** Application logs ****
22:41:14.257 [main] INFO  testCases.TC_001_AccountRegistrationTest - **** finished TC001 _AccountingRegistrationTest *****
23:01:40.533 [main] INFO  testCases.TC_002_LoginTest - ****Starting  TC_002_LoginTest
23:01:40.543 [main] DEBUG testCases.TC_002_LoginTest - capturing application debug logs....
23:01:40.821 [main] INFO  testCases.TC_002_LoginTest - clicked on my account  on the home page
23:01:41.946 [main] INFO  testCases.TC_002_LoginTest - clicked on login link under myaccount
23:01:41.953 [main] INFO  testCases.TC_002_LoginTest - Entering valid email and password
23:01:42.607 [main] INFO  testCases.TC_002_LoginTest - clicked on login button
23:02:09.178 [main] INFO  testCases.TC_001_AccountRegistrationTest - starting Tc001 AccountRegistration Test *****
23:02:09.179 [main] DEBUG testCases.TC_001_AccountRegistrationTest - **** Application logs ****
23:02:09.445 [main] INFO  testCases.TC_001_AccountRegistrationTest - Clicked on My Account link
23:02:11.004 [main] INFO  testCases.TC_001_AccountRegistrationTest - Clicked on registration link
23:02:11.005 [main] INFO  testCases.TC_001_AccountRegistrationTest - Entering customer details
23:02:11.841 [main] INFO  testCases.TC_001_AccountRegistrationTest - clicked on continue 
23:02:11.841 [main] INFO  testCases.TC_001_AccountRegistrationTest - Validating expected message
23:02:21.859 [main] ERROR testCases.TC_001_AccountRegistrationTest - Test Failed
23:02:21.860 [main] DEBUG testCases.TC_001_AccountRegistrationTest - **** Application logs ****
23:02:21.860 [main] INFO  testCases.TC_001_AccountRegistrationTest - **** finished TC001 _AccountingRegistrationTest *****
23:23:15.593 [main] INFO  testCases.TC_002_LoginTest - ****Starting  TC_002_LoginTest
23:23:15.601 [main] DEBUG testCases.TC_002_LoginTest - capturing application debug logs....
23:23:15.952 [main] INFO  testCases.TC_002_LoginTest - clicked on my account  on the home page
23:23:17.774 [main] INFO  testCases.TC_002_LoginTest - clicked on login link under myaccount
23:23:17.779 [main] INFO  testCases.TC_002_LoginTest - Entering valid email and password
23:23:18.379 [main] INFO  testCases.TC_002_LoginTest - clicked on login button
23:23:46.045 [main] INFO  testCases.TC_001_AccountRegistrationTest - starting Tc001 AccountRegistration Test *****
23:23:46.046 [main] DEBUG testCases.TC_001_AccountRegistrationTest - **** Application logs ****
23:23:46.358 [main] INFO  testCases.TC_001_AccountRegistrationTest - Clicked on My Account link
23:23:47.993 [main] INFO  testCases.TC_001_AccountRegistrationTest - Clicked on registration link
23:23:47.994 [main] INFO  testCases.TC_001_AccountRegistrationTest - Entering customer details
23:23:49.189 [main] INFO  testCases.TC_001_AccountRegistrationTest - clicked on continue 
23:23:49.190 [main] INFO  testCases.TC_001_AccountRegistrationTest - Validating expected message
23:23:59.217 [main] ERROR testCases.TC_001_AccountRegistrationTest - Test Failed
23:23:59.218 [main] DEBUG testCases.TC_001_AccountRegistrationTest - **** Application logs ****
23:23:59.219 [main] INFO  testCases.TC_001_AccountRegistrationTest - **** finished TC001 _AccountingRegistrationTest *****
23:26:55.393 [main] INFO  testCases.TC_002_LoginTest - ****Starting  TC_002_LoginTest
23:26:55.401 [main] DEBUG testCases.TC_002_LoginTest - capturing application debug logs....
23:26:55.642 [main] INFO  testCases.TC_002_LoginTest - clicked on my account  on the home page
23:26:56.714 [main] INFO  testCases.TC_002_LoginTest - clicked on login link under myaccount
23:26:56.718 [main] INFO  testCases.TC_002_LoginTest - Entering valid email and password
23:26:57.313 [main] INFO  testCases.TC_002_LoginTest - clicked on login button
23:27:27.198 [main] INFO  testCases.TC_001_AccountRegistrationTest - starting Tc001 AccountRegistration Test *****
23:27:27.199 [main] DEBUG testCases.TC_001_AccountRegistrationTest - **** Application logs ****
